#
# There is insufficient memory for the Java Runtime Environment to continue.
# Native memory allocation (malloc) failed to allocate 1058080 bytes for Chunk::new
# Possible reasons:
#   The system is out of physical RAM or swap space
#   The process is running with CompressedOops enabled, and the Java Heap may be blocking the growth of the native heap
# Possible solutions:
#   Reduce memory load on the system
#   Increase physical memory or swap space
#   Check if swap backing store is full
#   Decrease Java heap size (-Xmx/-Xms)
#   Decrease number of Java threads
#   Decrease Java thread stack sizes (-Xss)
#   Set larger code cache with -XX:ReservedCodeCacheSize=
#   JVM is running with Unscaled Compressed Oops mode in which the Java heap is
#     placed in the first 4GB address space. The Java Heap base address is the
#     maximum limit for the native heap growth. Please use -XX:HeapBaseMinAddress
#     to set the Java Heap base and to place the Java Heap above 4GB virtual address.
# This output file may be truncated or incomplete.
#
#  Out of Memory Error (allocation.cpp:389), pid=19728, tid=0x00000000000028c8
#
# JRE version: Java(TM) SE Runtime Environment (8.0_221-b11) (build 1.8.0_221-b11)
# Java VM: Java HotSpot(TM) 64-Bit Server VM (25.221-b11 mixed mode windows-amd64 compressed oops)
# Failed to write core dump. Minidumps are not enabled by default on client versions of Windows
#

---------------  T H R E A D  ---------------

Current thread (0x00000000172f6800):  JavaThread "C2 CompilerThread2" daemon [_thread_in_native, id=10440, stack(0x0000000017e50000,0x0000000017f50000)]

Stack: [0x0000000017e50000,0x0000000017f50000]
[error occurred during error reporting (printing stack bounds), id 0xc0000005]

Native frames: (J=compiled Java code, j=interpreted, Vv=VM code, C=native code)


Current CompileTask:
C2:  18549 4444   !   4       org.springframework.util.ReflectionUtils::doWithMethods (176 bytes)


---------------  P R O C E S S  ---------------

Java Threads: ( => current thread )
  0x000000001c85a800 JavaThread "HikariPool-1 housekeeper" daemon [_thread_blocked, id=12564, stack(0x0000000020a20000,0x0000000020b20000)]
  0x000000001738f000 JavaThread "Service Thread" daemon [_thread_blocked, id=11332, stack(0x0000000018050000,0x0000000018150000)]
  0x00000000172fe800 JavaThread "C1 CompilerThread3" daemon [_thread_in_native, id=19600, stack(0x0000000017f50000,0x0000000018050000)]
=>0x00000000172f6800 JavaThread "C2 CompilerThread2" daemon [_thread_in_native, id=10440, stack(0x0000000017e50000,0x0000000017f50000)]
  0x00000000172f2000 JavaThread "C2 CompilerThread1" daemon [_thread_in_native, id=17384, stack(0x0000000017d50000,0x0000000017e50000)]
  0x00000000172ec800 JavaThread "C2 CompilerThread0" daemon [_thread_in_native, id=16736, stack(0x0000000017c50000,0x0000000017d50000)]
  0x00000000172eb000 JavaThread "Monitor Ctrl-Break" daemon [_thread_in_native, id=6540, stack(0x0000000017b50000,0x0000000017c50000)]
  0x000000001728d800 JavaThread "Attach Listener" daemon [_thread_blocked, id=15488, stack(0x0000000017a50000,0x0000000017b50000)]
  0x000000001728c800 JavaThread "Signal Dispatcher" daemon [_thread_blocked, id=16420, stack(0x0000000017950000,0x0000000017a50000)]
  0x0000000017271000 JavaThread "Finalizer" daemon [_thread_blocked, id=15152, stack(0x0000000017750000,0x0000000017850000)]
  0x0000000017270800 JavaThread "Reference Handler" daemon [_thread_blocked, id=12540, stack(0x0000000017650000,0x0000000017750000)]
  0x00000000027dd800 JavaThread "main" [_thread_in_Java, id=10156, stack(0x00000000026b0000,0x00000000027b0000)]

Other Threads:
  0x0000000015469800 VMThread [stack: 0x0000000017150000,0x0000000017250000] [id=20288]
  0x0000000017348000 WatcherThread [stack: 0x0000000018150000,0x0000000018250000] [id=18380]

VM state:not at safepoint (normal execution)

VM Mutex/Monitor currently owned by a thread: None

heap address: 0x00000000c1e00000, size: 994 MB, Compressed Oops mode: 32-bit
Narrow klass base: 0x0000000000000000, Narrow klass shift: 3
Compressed class space size: 1073741824 Address: 0x0000000100000000

Heap:
 PSYoungGen      total 243712K, used 32454K [0x00000000eb500000, 0x00000000ff380000, 0x0000000100000000)
  eden space 226304K, 14% used [0x00000000eb500000,0x00000000ed4b1bf0,0x00000000f9200000)
  from space 17408K, 0% used [0x00000000f9200000,0x00000000f9200000,0x00000000fa300000)
  to   space 16896K, 0% used [0x00000000fe300000,0x00000000fe300000,0x00000000ff380000)
 ParOldGen       total 74752K, used 24491K [0x00000000c1e00000, 0x00000000c6700000, 0x00000000eb500000)
  object space 74752K, 32% used [0x00000000c1e00000,0x00000000c35ead48,0x00000000c6700000)
 Metaspace       used 59365K, capacity 61282K, committed 61528K, reserved 1101824K
  class space    used 8147K, capacity 8498K, committed 8576K, reserved 1048576K

Card table byte_map: [0x0000000011e20000,0x0000000012020000] byte_map_base: 0x0000000011811000

Marking Bits: (ParMarkBitMap*) 0x0000000060f55ce0
 Begin Bits: [0x0000000012970000, 0x00000000138f8000)
 End Bits:   [0x00000000138f8000, 0x0000000014880000)

Polling page: 0x0000000000810000

CodeCache: size=245760Kb used=15412Kb max_used=15412Kb free=230347Kb
 bounds [0x0000000002a60000, 0x0000000003980000, 0x0000000011a60000]
 total_blobs=4560 nmethods=4026 adapters=446
 compilation: enabled

Compilation events (10 events):
Event: 18.542 Thread 0x00000000172fe800 4662       3       org.aspectj.weaver.reflect.JavaLangTypeToResolvedTypeConverter::<init> (21 bytes)
Event: 18.542 Thread 0x00000000172fe800 nmethod 4662 0x0000000003977410 code [0x0000000003977580, 0x00000000039778d0]
Event: 18.544 Thread 0x00000000172fe800 4664       1       java.beans.GenericBeanInfo::getMethodDescriptors (5 bytes)
Event: 18.544 Thread 0x00000000172fe800 nmethod 4664 0x00000000034de7d0 code [0x00000000034de920, 0x00000000034dea30]
Event: 18.544 Thread 0x00000000172fe800 4665       1       java.beans.GenericBeanInfo::getEventSetDescriptors (5 bytes)
Event: 18.544 Thread 0x00000000172fe800 nmethod 4665 0x0000000003977a50 code [0x0000000003977ba0, 0x0000000003977cb0]
Event: 18.544 Thread 0x00000000172fe800 4666       1       java.beans.GenericBeanInfo::getDefaultEventIndex (5 bytes)
Event: 18.544 Thread 0x00000000172fe800 nmethod 4666 0x0000000003977d10 code [0x0000000003977e60, 0x0000000003977f70]
Event: 18.544 Thread 0x00000000172fe800 4667       1       java.beans.GenericBeanInfo::getDefaultPropertyIndex (5 bytes)
Event: 18.544 Thread 0x00000000172fe800 nmethod 4667 0x0000000003977fd0 code [0x0000000003978120, 0x0000000003978230]

GC Heap History (10 events):
Event: 8.994 GC heap before
{Heap before GC invocations=12 (full 2):
 PSYoungGen      total 186880K, used 8162K [0x00000000eb500000, 0x00000000f7a80000, 0x0000000100000000)
  eden space 178688K, 0% used [0x00000000eb500000,0x00000000eb500000,0x00000000f6380000)
  from space 8192K, 99% used [0x00000000f6e80000,0x00000000f7678a80,0x00000000f7680000)
  to   space 11264K, 0% used [0x00000000f6380000,0x00000000f6380000,0x00000000f6e80000)
 ParOldGen       total 30720K, used 13764K [0x00000000c1e00000, 0x00000000c3c00000, 0x00000000eb500000)
  object space 30720K, 44% used [0x00000000c1e00000,0x00000000c2b71388,0x00000000c3c00000)
 Metaspace       used 34199K, capacity 35322K, committed 35416K, reserved 1079296K
  class space    used 4433K, capacity 4670K, committed 4736K, reserved 1048576K
Event: 9.093 GC heap after
Heap after GC invocations=12 (full 2):
 PSYoungGen      total 186880K, used 0K [0x00000000eb500000, 0x00000000f7a80000, 0x0000000100000000)
  eden space 178688K, 0% used [0x00000000eb500000,0x00000000eb500000,0x00000000f6380000)
  from space 8192K, 0% used [0x00000000f6e80000,0x00000000f6e80000,0x00000000f7680000)
  to   space 11264K, 0% used [0x00000000f6380000,0x00000000f6380000,0x00000000f6e80000)
 ParOldGen       total 52736K, used 16563K [0x00000000c1e00000, 0x00000000c5180000, 0x00000000eb500000)
  object space 52736K, 31% used [0x00000000c1e00000,0x00000000c2e2cdc8,0x00000000c5180000)
 Metaspace       used 34199K, capacity 35322K, committed 35416K, reserved 1079296K
  class space    used 4433K, capacity 4670K, committed 4736K, reserved 1048576K
}
Event: 12.248 GC heap before
{Heap before GC invocations=13 (full 2):
 PSYoungGen      total 186880K, used 178688K [0x00000000eb500000, 0x00000000f7a80000, 0x0000000100000000)
  eden space 178688K, 100% used [0x00000000eb500000,0x00000000f6380000,0x00000000f6380000)
  from space 8192K, 0% used [0x00000000f6e80000,0x00000000f6e80000,0x00000000f7680000)
  to   space 11264K, 0% used [0x00000000f6380000,0x00000000f6380000,0x00000000f6e80000)
 ParOldGen       total 52736K, used 16563K [0x00000000c1e00000, 0x00000000c5180000, 0x00000000eb500000)
  object space 52736K, 31% used [0x00000000c1e00000,0x00000000c2e2cdc8,0x00000000c5180000)
 Metaspace       used 42162K, capacity 43550K, committed 43608K, reserved 1087488K
  class space    used 5462K, capacity 5748K, committed 5760K, reserved 1048576K
Event: 12.279 GC heap after
Heap after GC invocations=13 (full 2):
 PSYoungGen      total 189952K, used 11233K [0x00000000eb500000, 0x00000000faf80000, 0x0000000100000000)
  eden space 178688K, 0% used [0x00000000eb500000,0x00000000eb500000,0x00000000f6380000)
  from space 11264K, 99% used [0x00000000f6380000,0x00000000f6e78430,0x00000000f6e80000)
  to   space 12800K, 0% used [0x00000000fa300000,0x00000000fa300000,0x00000000faf80000)
 ParOldGen       total 52736K, used 16851K [0x00000000c1e00000, 0x00000000c5180000, 0x00000000eb500000)
  object space 52736K, 31% used [0x00000000c1e00000,0x00000000c2e74c68,0x00000000c5180000)
 Metaspace       used 42162K, capacity 43550K, committed 43608K, reserved 1087488K
  class space    used 5462K, capacity 5748K, committed 5760K, reserved 1048576K
}
Event: 16.729 GC heap before
{Heap before GC invocations=14 (full 2):
 PSYoungGen      total 189952K, used 189921K [0x00000000eb500000, 0x00000000faf80000, 0x0000000100000000)
  eden space 178688K, 100% used [0x00000000eb500000,0x00000000f6380000,0x00000000f6380000)
  from space 11264K, 99% used [0x00000000f6380000,0x00000000f6e78430,0x00000000f6e80000)
  to   space 12800K, 0% used [0x00000000fa300000,0x00000000fa300000,0x00000000faf80000)
 ParOldGen       total 52736K, used 16851K [0x00000000c1e00000, 0x00000000c5180000, 0x00000000eb500000)
  object space 52736K, 31% used [0x00000000c1e00000,0x00000000c2e74c68,0x00000000c5180000)
 Metaspace       used 54715K, capacity 56188K, committed 56664K, reserved 1097728K
  class space    used 7438K, capacity 7733K, committed 7808K, reserved 1048576K
Event: 16.754 GC heap after
Heap after GC invocations=14 (full 2):
 PSYoungGen      total 239104K, used 12797K [0x00000000eb500000, 0x00000000fb480000, 0x0000000100000000)
  eden space 226304K, 0% used [0x00000000eb500000,0x00000000eb500000,0x00000000f9200000)
  from space 12800K, 99% used [0x00000000fa300000,0x00000000faf7f490,0x00000000faf80000)
  to   space 17408K, 0% used [0x00000000f9200000,0x00000000f9200000,0x00000000fa300000)
 ParOldGen       total 52736K, used 24181K [0x00000000c1e00000, 0x00000000c5180000, 0x00000000eb500000)
  object space 52736K, 45% used [0x00000000c1e00000,0x00000000c359d478,0x00000000c5180000)
 Metaspace       used 54715K, capacity 56188K, committed 56664K, reserved 1097728K
  class space    used 7438K, capacity 7733K, committed 7808K, reserved 1048576K
}
Event: 17.726 GC heap before
{Heap before GC invocations=15 (full 2):
 PSYoungGen      total 239104K, used 73628K [0x00000000eb500000, 0x00000000fb480000, 0x0000000100000000)
  eden space 226304K, 26% used [0x00000000eb500000,0x00000000ef067ce0,0x00000000f9200000)
  from space 12800K, 99% used [0x00000000fa300000,0x00000000faf7f490,0x00000000faf80000)
  to   space 17408K, 0% used [0x00000000f9200000,0x00000000f9200000,0x00000000fa300000)
 ParOldGen       total 52736K, used 24181K [0x00000000c1e00000, 0x00000000c5180000, 0x00000000eb500000)
  object space 52736K, 45% used [0x00000000c1e00000,0x00000000c359d478,0x00000000c5180000)
 Metaspace       used 57294K, capacity 58760K, committed 59028K, reserved 1099776K
  class space    used 7827K, capacity 8137K, committed 8192K, reserved 1048576K
Event: 17.746 GC heap after
Heap after GC invocations=15 (full 2):
 PSYoungGen      total 243712K, used 4298K [0x00000000eb500000, 0x00000000ff380000, 0x0000000100000000)
  eden space 226304K, 0% used [0x00000000eb500000,0x00000000eb500000,0x00000000f9200000)
  from space 17408K, 24% used [0x00000000f9200000,0x00000000f9632a78,0x00000000fa300000)
  to   space 16896K, 0% used [0x00000000fe300000,0x00000000fe300000,0x00000000ff380000)
 ParOldGen       total 52736K, used 28445K [0x00000000c1e00000, 0x00000000c5180000, 0x00000000eb500000)
  object space 52736K, 53% used [0x00000000c1e00000,0x00000000c39c7618,0x00000000c5180000)
 Metaspace       used 57294K, capacity 58760K, committed 59028K, reserved 1099776K
  class space    used 7827K, capacity 8137K, committed 8192K, reserved 1048576K
}
Event: 17.746 GC heap before
{Heap before GC invocations=16 (full 3):
 PSYoungGen      total 243712K, used 4298K [0x00000000eb500000, 0x00000000ff380000, 0x0000000100000000)
  eden space 226304K, 0% used [0x00000000eb500000,0x00000000eb500000,0x00000000f9200000)
  from space 17408K, 24% used [0x00000000f9200000,0x00000000f9632a78,0x00000000fa300000)
  to   space 16896K, 0% used [0x00000000fe300000,0x00000000fe300000,0x00000000ff380000)
 ParOldGen       total 52736K, used 28445K [0x00000000c1e00000, 0x00000000c5180000, 0x00000000eb500000)
  object space 52736K, 53% used [0x00000000c1e00000,0x00000000c39c7618,0x00000000c5180000)
 Metaspace       used 57294K, capacity 58760K, committed 59028K, reserved 1099776K
  class space    used 7827K, capacity 8137K, committed 8192K, reserved 1048576K
Event: 18.053 GC heap after
Heap after GC invocations=16 (full 3):
 PSYoungGen      total 243712K, used 0K [0x00000000eb500000, 0x00000000ff380000, 0x0000000100000000)
  eden space 226304K, 0% used [0x00000000eb500000,0x00000000eb500000,0x00000000f9200000)
  from space 17408K, 0% used [0x00000000f9200000,0x00000000f9200000,0x00000000fa300000)
  to   space 16896K, 0% used [0x00000000fe300000,0x00000000fe300000,0x00000000ff380000)
 ParOldGen       total 74752K, used 24491K [0x00000000c1e00000, 0x00000000c6700000, 0x00000000eb500000)
  object space 74752K, 32% used [0x00000000c1e00000,0x00000000c35ead48,0x00000000c6700000)
 Metaspace       used 57294K, capacity 58760K, committed 59028K, reserved 1099776K
  class space    used 7827K, capacity 8137K, committed 8192K, reserved 1048576K
}

Deoptimization events (10 events):
Event: 17.600 Thread 0x00000000027dd800 Uncommon trap: reason=unstable_if action=reinterpret pc=0x00000000032a86c0 method=java.lang.Class.privateGetMethodRecursive(Ljava/lang/String;[Ljava/lang/Class;ZLjava/lang/Class$MethodArray;)Ljava/lang/reflect/Method; @ 28
Event: 18.256 Thread 0x00000000027dd800 Uncommon trap: reason=unstable_if action=reinterpret pc=0x00000000030d67a0 method=org.springframework.util.ConcurrentReferenceHashMap$Segment.restructureIfNecessary(Z)V @ 34
Event: 18.303 Thread 0x00000000027dd800 Uncommon trap: reason=class_check action=maybe_recompile pc=0x0000000002c09c68 method=org.springframework.core.annotation.AnnotationUtils.hasPlainJavaAnnotationsOnly(Ljava/lang/Object;)Z @ 16
Event: 18.303 Thread 0x00000000027dd800 Uncommon trap: reason=class_check action=maybe_recompile pc=0x0000000002c09c68 method=org.springframework.core.annotation.AnnotationUtils.hasPlainJavaAnnotationsOnly(Ljava/lang/Object;)Z @ 16
Event: 18.304 Thread 0x00000000027dd800 Uncommon trap: reason=class_check action=maybe_recompile pc=0x0000000002c09c68 method=org.springframework.core.annotation.AnnotationUtils.hasPlainJavaAnnotationsOnly(Ljava/lang/Object;)Z @ 16
Event: 18.306 Thread 0x00000000027dd800 Uncommon trap: reason=class_check action=maybe_recompile pc=0x0000000002c09c68 method=org.springframework.core.annotation.AnnotationUtils.hasPlainJavaAnnotationsOnly(Ljava/lang/Object;)Z @ 16
Event: 18.307 Thread 0x00000000027dd800 Uncommon trap: reason=class_check action=maybe_recompile pc=0x0000000003633478 method=org.springframework.util.ConcurrentReferenceHashMap$Segment.findInChain(Lorg/springframework/util/ConcurrentReferenceHashMap$Reference;Ljava/lang/Object;I)Lorg/springfra
Event: 18.477 Thread 0x00000000027dd800 Uncommon trap: reason=unstable_if action=reinterpret pc=0x0000000002f8f6f8 method=org.springframework.core.annotation.AnnotatedElementUtils.searchWithGetSemanticsInAnnotations(Ljava/lang/reflect/AnnotatedElement;Ljava/util/List;Ljava/util/Set;Ljava/lang/S
Event: 18.497 Thread 0x00000000027dd800 Uncommon trap: reason=range_check action=make_not_entrant pc=0x00000000038aa848 method=java.lang.String.charAt(I)C @ 27
Event: 18.504 Thread 0x00000000027dd800 Uncommon trap: reason=unstable_if action=reinterpret pc=0x0000000002d40f80 method=org.springframework.aop.framework.autoproxy.AbstractAutoProxyCreator.predictBeanType(Ljava/lang/Class;Ljava/lang/String;)Ljava/lang/Class; @ 9

Classes redefined (0 events):
No events

Internal exceptions (10 events):
Event: 18.516 Thread 0x00000000027dd800 Exception <a 'java/lang/ClassNotFoundException': org/springframework/context/ApplicationListenerCustomizer> (0x00000000ecf660c0) thrown at [C:\re\workspace\8-2-build-windows-amd64-cygwin\jdk8u221\13320\hotspot\src\share\vm\classfile\systemDictionary.cpp, 
Event: 18.517 Thread 0x00000000027dd800 Exception <a 'java/lang/ClassNotFoundException': java/util/EventListenerCustomizer> (0x00000000ecf763b0) thrown at [C:\re\workspace\8-2-build-windows-amd64-cygwin\jdk8u221\13320\hotspot\src\share\vm\classfile\systemDictionary.cpp, line 210]
Event: 18.534 Thread 0x00000000027dd800 Exception <a 'java/lang/ClassNotFoundException': java/lang/ObjectCustomizer> (0x00000000ed074630) thrown at [C:\re\workspace\8-2-build-windows-amd64-cygwin\jdk8u221\13320\hotspot\src\share\vm\classfile\systemDictionary.cpp, line 210]
Event: 18.535 Thread 0x00000000027dd800 Exception <a 'java/lang/ClassNotFoundException': org/springframework/jms/config/AbstractJmsListenerContainerFactoryCustomizer> (0x00000000ed0ad768) thrown at [C:\re\workspace\8-2-build-windows-amd64-cygwin\jdk8u221\13320\hotspot\src\share\vm\classfile\sys
Event: 18.536 Thread 0x00000000027dd800 Exception <a 'java/lang/ClassNotFoundException': org/springframework/jms/config/DefaultJmsListenerContainerFactoryCustomizer> (0x00000000ed0f36c0) thrown at [C:\re\workspace\8-2-build-windows-amd64-cygwin\jdk8u221\13320\hotspot\src\share\vm\classfile\syst
Event: 18.537 Thread 0x00000000027dd800 Exception <a 'java/lang/ClassNotFoundException': org/springframework/jms/config/JmsListenerContainerFactoryCustomizer> (0x00000000ed147190) thrown at [C:\re\workspace\8-2-build-windows-amd64-cygwin\jdk8u221\13320\hotspot\src\share\vm\classfile\systemDicti
Event: 18.541 Thread 0x00000000027dd800 Exception <a 'java/lang/ClassNotFoundException': java/lang/ObjectCustomizer> (0x00000000ed1a7e08) thrown at [C:\re\workspace\8-2-build-windows-amd64-cygwin\jdk8u221\13320\hotspot\src\share\vm\classfile\systemDictionary.cpp, line 210]
Event: 18.542 Thread 0x00000000027dd800 Exception <a 'java/lang/ClassNotFoundException': org/springframework/cloud/netflix/hystrix/dashboard/HystrixDashboardConfigurationCustomizer> (0x00000000ed1e9858) thrown at [C:\re\workspace\8-2-build-windows-amd64-cygwin\jdk8u221\13320\hotspot\src\share\v
Event: 18.544 Thread 0x00000000027dd800 Exception <a 'java/lang/ClassNotFoundException': org/springframework/cloud/netflix/hystrix/dashboard/HystrixDashboardConfiguration$$EnhancerBySpringCGLIB$$17fe1206Customizer> (0x00000000ed23c330) thrown at [C:\re\workspace\8-2-build-windows-amd64-cygwin\j
Event: 18.545 Thread 0x00000000027dd800 Exception <a 'java/lang/ClassNotFoundException': org/springframework/context/annotation/ConfigurationClassEnhancer$EnhancedConfigurationCustomizer> (0x00000000ed2877d0) thrown at [C:\re\workspace\8-2-build-windows-amd64-cygwin\jdk8u221\13320\hotspot\src\s

Events (10 events):
Event: 18.544 loading class org/springframework/cloud/netflix/hystrix/dashboard/HystrixDashboardConfiguration$$EnhancerBySpringCGLIB$$17fe1206Customizer
Event: 18.544 loading class org/springframework/cloud/netflix/hystrix/dashboard/HystrixDashboardConfiguration$$EnhancerBySpringCGLIB$$17fe1206Customizer done
Event: 18.544 loading class org/springframework/context/annotation/ConfigurationClassEnhancer$EnhancedConfigurationCustomizer
Event: 18.544 loading class org/springframework/context/annotation/ConfigurationClassEnhancer$EnhancedConfigurationCustomizer done
Event: 18.545 loading class org/springframework/context/annotation/ConfigurationClassEnhancer$EnhancedConfigurationCustomizer
Event: 18.545 loading class org/springframework/context/annotation/ConfigurationClassEnhancer$EnhancedConfigurationCustomizer done
Event: 18.545 loading class org/springframework/context/annotation/ConfigurationClassEnhancer$EnhancedConfigurationCustomizer
Event: 18.545 loading class org/springframework/context/annotation/ConfigurationClassEnhancer$EnhancedConfigurationCustomizer done
Event: 18.545 loading class org/springframework/beans/factory/BeanFactoryAwareCustomizer
Event: 18.545 loading class org/springframework/beans/factory/BeanFactoryAwareCustomizer done


Dynamic libraries:
0x00007ff7283f0000 - 0x00007ff728427000 	C:\Program Files\Java\jdk1.8.0_221\bin\java.exe
0x00007ffee3530000 - 0x00007ffee371d000 	C:\Windows\SYSTEM32\ntdll.dll
0x00007ffee07c0000 - 0x00007ffee0873000 	C:\Windows\System32\KERNEL32.DLL
0x00007ffee0020000 - 0x00007ffee02b3000 	C:\Windows\System32\KERNELBASE.dll
0x00007ffee2570000 - 0x00007ffee2613000 	C:\Windows\System32\ADVAPI32.dll
0x00007ffee3280000 - 0x00007ffee331e000 	C:\Windows\System32\msvcrt.dll
0x00007ffee0df0000 - 0x00007ffee0e8e000 	C:\Windows\System32\sechost.dll
0x00007ffee2e10000 - 0x00007ffee2f32000 	C:\Windows\System32\RPCRT4.dll
0x00007ffee29b0000 - 0x00007ffee2b47000 	C:\Windows\System32\USER32.dll
0x00007ffedf600000 - 0x00007ffedf620000 	C:\Windows\System32\win32u.dll
0x00007ffee34d0000 - 0x00007ffee34f9000 	C:\Windows\System32\GDI32.dll
0x00007ffee0590000 - 0x00007ffee072a000 	C:\Windows\System32\gdi32full.dll
0x00007ffee04f0000 - 0x00007ffee0590000 	C:\Windows\System32\msvcp_win.dll
0x00007ffedf770000 - 0x00007ffedf86c000 	C:\Windows\System32\ucrtbase.dll
0x00007ffecee30000 - 0x00007ffecf0a9000 	C:\Windows\WinSxS\amd64_microsoft.windows.common-controls_6595b64144ccf1df_6.0.17763.292_none_05b137b40722e6bb\COMCTL32.dll
0x00007ffee2680000 - 0x00007ffee29ad000 	C:\Windows\System32\combase.dll
0x00007ffedf6d0000 - 0x00007ffedf74e000 	C:\Windows\System32\bcryptPrimitives.dll
0x00007ffee2b50000 - 0x00007ffee2b7e000 	C:\Windows\System32\IMM32.DLL
0x0000000061cf0000 - 0x0000000061dc2000 	C:\Program Files\Java\jdk1.8.0_221\jre\bin\msvcr100.dll
0x0000000060730000 - 0x0000000060fd5000 	C:\Program Files\Java\jdk1.8.0_221\jre\bin\server\jvm.dll
0x00007ffee3270000 - 0x00007ffee3278000 	C:\Windows\System32\PSAPI.DLL
0x00007ffedd260000 - 0x00007ffedd269000 	C:\Windows\SYSTEM32\WSOCK32.dll
0x00007ffed49c0000 - 0x00007ffed49ca000 	C:\Windows\SYSTEM32\VERSION.dll
0x00007ffedcd80000 - 0x00007ffedcda4000 	C:\Windows\SYSTEM32\WINMM.dll
0x00007ffee0d80000 - 0x00007ffee0ded000 	C:\Windows\System32\WS2_32.dll
0x00007ffedcd50000 - 0x00007ffedcd7d000 	C:\Windows\SYSTEM32\WINMMBASE.dll
0x00007ffee04a0000 - 0x00007ffee04ea000 	C:\Windows\System32\cfgmgr32.dll
0x00007ffedb720000 - 0x00007ffedb72f000 	C:\Program Files\Java\jdk1.8.0_221\jre\bin\verify.dll
0x00007ffed4370000 - 0x00007ffed4399000 	C:\Program Files\Java\jdk1.8.0_221\jre\bin\java.dll
0x00007ffed3a20000 - 0x00007ffed3a43000 	C:\Program Files\Java\jdk1.8.0_221\jre\bin\instrument.dll
0x00007ffed3b30000 - 0x00007ffed3b46000 	C:\Program Files\Java\jdk1.8.0_221\jre\bin\zip.dll
0x00007ffee1000000 - 0x00007ffee24ef000 	C:\Windows\System32\SHELL32.dll
0x00007ffee2d60000 - 0x00007ffee2e08000 	C:\Windows\System32\shcore.dll
0x00007ffedf8d0000 - 0x00007ffee001a000 	C:\Windows\System32\windows.storage.dll
0x00007ffedf5d0000 - 0x00007ffedf5f4000 	C:\Windows\System32\profapi.dll
0x00007ffedf550000 - 0x00007ffedf5ad000 	C:\Windows\System32\powrprof.dll
0x00007ffee0760000 - 0x00007ffee07b2000 	C:\Windows\System32\shlwapi.dll
0x00007ffedf530000 - 0x00007ffedf541000 	C:\Windows\System32\kernel.appcore.dll
0x00007ffedf750000 - 0x00007ffedf767000 	C:\Windows\System32\cryptsp.dll
0x00007ffed7ce0000 - 0x00007ffed7cfa000 	C:\Program Files\JetBrains\IntelliJ IDEA Community Edition 2019.2.2\bin\breakgen64.dll
0x00007ffec5c30000 - 0x00007ffec5c4a000 	C:\Program Files\Java\jdk1.8.0_221\jre\bin\net.dll
0x00007ffed1ee0000 - 0x00007ffed20b7000 	C:\Windows\SYSTEM32\urlmon.dll
0x00007ffed1400000 - 0x00007ffed16a8000 	C:\Windows\SYSTEM32\iertutil.dll
0x00007ffedef30000 - 0x00007ffedef3c000 	C:\Windows\SYSTEM32\CRYPTBASE.DLL
0x00007ffeded60000 - 0x00007ffededc7000 	C:\Windows\system32\mswsock.dll
0x00007ffec1110000 - 0x00007ffec1122000 	C:\Program Files\Java\jdk1.8.0_221\jre\bin\nio.dll
0x00007ffedeac0000 - 0x00007ffedeafd000 	C:\Windows\SYSTEM32\IPHLPAPI.DLL
0x00007ffee2f50000 - 0x00007ffee2f58000 	C:\Windows\System32\NSI.dll
0x00007ffed2150000 - 0x00007ffed2166000 	C:\Windows\SYSTEM32\dhcpcsvc6.DLL
0x00007ffed2190000 - 0x00007ffed21ac000 	C:\Windows\SYSTEM32\dhcpcsvc.DLL
0x00007ffedeb00000 - 0x00007ffedebc6000 	C:\Windows\SYSTEM32\DNSAPI.dll
0x00007ffed13f0000 - 0x00007ffed13fa000 	C:\Windows\System32\rasadhlp.dll
0x00007ffed16b0000 - 0x00007ffed1729000 	C:\Windows\System32\fwpuclnt.dll
0x00007ffee0730000 - 0x00007ffee0756000 	C:\Windows\System32\bcrypt.dll
0x00007ffed7cb0000 - 0x00007ffed7cbd000 	C:\Program Files\Java\jdk1.8.0_221\jre\bin\management.dll
0x00007ffeb16b0000 - 0x00007ffeb16c6000 	C:\Windows\system32\napinsp.dll
0x00007ffeb1690000 - 0x00007ffeb16aa000 	C:\Windows\system32\pnrpnsp.dll
0x00007ffeb9500000 - 0x00007ffeb950e000 	C:\Windows\System32\winrnr.dll
0x00007ffedb700000 - 0x00007ffedb71b000 	C:\Windows\system32\NLAapi.dll
0x00007ffed3580000 - 0x00007ffed3595000 	C:\Windows\system32\wshbth.dll
0x00007ffede920000 - 0x00007ffede953000 	C:\Windows\system32\rsaenh.dll
0x00007ffedf430000 - 0x00007ffedf458000 	C:\Windows\SYSTEM32\USERENV.dll

VM Arguments:
jvm_args: -ea -Didea.test.cyclic.buffer.size=1048576 -javaagent:C:\Program Files\JetBrains\IntelliJ IDEA Community Edition 2019.2.2\lib\idea_rt.jar=61377:C:\Program Files\JetBrains\IntelliJ IDEA Community Edition 2019.2.2\bin -Dfile.encoding=UTF-8 
java_command: com.intellij.rt.execution.junit.JUnitStarter -ideVersion5 -junit4 com.NTT.SpringJmsApplicationTests
java_class_path (initial): C:\Program Files\JetBrains\IntelliJ IDEA Community Edition 2019.2.2\lib\idea_rt.jar;C:\Program Files\JetBrains\IntelliJ IDEA Community Edition 2019.2.2\plugins\junit\lib\junit-rt.jar;C:\Program Files\JetBrains\IntelliJ IDEA Community Edition 2019.2.2\plugins\junit\lib\junit5-rt.jar;C:\Program Files\Java\jdk1.8.0_221\jre\lib\charsets.jar;C:\Program Files\Java\jdk1.8.0_221\jre\lib\deploy.jar;C:\Program Files\Java\jdk1.8.0_221\jre\lib\ext\access-bridge-64.jar;C:\Program Files\Java\jdk1.8.0_221\jre\lib\ext\cldrdata.jar;C:\Program Files\Java\jdk1.8.0_221\jre\lib\ext\dnsns.jar;C:\Program Files\Java\jdk1.8.0_221\jre\lib\ext\jaccess.jar;C:\Program Files\Java\jdk1.8.0_221\jre\lib\ext\jfxrt.jar;C:\Program Files\Java\jdk1.8.0_221\jre\lib\ext\localedata.jar;C:\Program Files\Java\jdk1.8.0_221\jre\lib\ext\nashorn.jar;C:\Program Files\Java\jdk1.8.0_221\jre\lib\ext\sunec.jar;C:\Program Files\Java\jdk1.8.0_221\jre\lib\ext\sunjce_provider.jar;C:\Program Files\Java\jdk1.8.0_221\jre\lib\ext\sunmscapi.jar;C:\Program Files\Java\jdk1.8.0_221\jre\lib\ext\sunpkcs11.jar;C:\Program Files\Java\jdk1.8.0_221\jre\lib\ext\zipfs.jar;C:\Program Files\Java\jdk1.8.0_221\jre\lib\javaws.jar;C:\Program Files\Java\jdk1.8.0_221\jre\lib\jce.jar;C:\Program Files\Java\jdk1.8.0_221\jre\lib\jfr.jar;C:\Program Files\Java\jdk1.8.0_221\jre\lib\jfxswt.jar;C:\Program Files\Java\jdk1.8.0_221\jre\lib\jsse.jar;C:\Program Files\Java\jdk1.8.0_221\jre\lib\management-agent.jar;C:\Program Files\Java\jdk1.8.0_221\jre\lib\plugin.jar;C:\Program Files\Java\jdk1.8.0_221\jre\lib\resources.jar;C:\Program Files\Java\jdk1.8.0_221\jre\lib\rt.jar;C:\workspace\23092019_latest\Spring JMS Application\Spring-JMS-Application\target\test-classes;C:\workspace\23092019_latest\Spring JMS Application\Spring-JMS-Application\target\classes;C:\Users\alamu\.m2\repository\org\springframework\boot\spring-boot-starter-activemq\2.1.8.RELEASE\spring-boot-starter-activemq-2.1.8.RELEASE.jar;C:\Users\alamu\.m2\repository\org\sp
Launcher Type: SUN_STANDARD

Environment Variables:
JAVA_HOME=C:\Program Files\Java\jdk1.8.0_221
PATH=C:\Program Files (x86)\Common Files\Oracle\Java\javapath;C:\Windows\system32;C:\Windows;C:\Windows\System32\Wbem;C:\Windows\System32\WindowsPowerShell\v1.0\;C:\Windows\System32\OpenSSH\;C:\softwares\apache-maven-3.6.2-bin\apache-maven-3.6.2\bin;C:\Program Files\Java\jdk1.8.0_221\bin;C:\Users\alamu\AppData\Local\Microsoft\WindowsApps;
USERNAME=alamu
OS=Windows_NT
PROCESSOR_IDENTIFIER=Intel64 Family 6 Model 142 Stepping 12, GenuineIntel



---------------  S Y S T E M  ---------------

OS: Windows 10.0 , 64 bit Build 17763 (10.0.17763.292)

CPU:total 8 (initial active 8) (4 cores per cpu, 2 threads per core) family 6 model 142 stepping 12, cmov, cx8, fxsr, mmx, sse, sse2, sse3, ssse3, sse4.1, sse4.2, popcnt, avx, avx2, aes, clmul, erms, 3dnowpref, lzcnt, ht, tsc, tscinvbit, bmi1, bmi2, adx

Memory: 4k page, physical 4070644k(136028k free), swap 16653556k(3448k free)

vm_info: Java HotSpot(TM) 64-Bit Server VM (25.221-b11) for windows-amd64 JRE (1.8.0_221-b11), built on Jul  4 2019 04:39:29 by "java_re" with MS VC++ 10.0 (VS2010)

time: Tue Sep 24 22:57:32 2019
timezone: Malay Peninsula Standard Time
elapsed time: 18 seconds (0d 0h 0m 18s)

